<?xml version="1.0" encoding="UTF-8"?>
<!-- Generated by org.testng.reporters.JUnitXMLReporter -->
<testsuite hostname="pavilion" name="Default test" tests="18" failures="0" timestamp="4 Dec 2015 03:22:29 GMT" time="0.285" errors="0">
  <testcase name="basicSalesTaxCorrectlyCalculatedWhenSalesTaxDue" time="0.182" classname="com.hartley.salestaxes.model.ItemTest"/>
  <testcase name="basicSalesTaxCorrectlyCalculatedWhenSalesTaxDue" time="0.001" classname="com.hartley.salestaxes.model.ItemTest"/>
  <testcase name="basicSalesTaxCorrectlyCalculatedWhenSalesTaxNotDue" time="0.001" classname="com.hartley.salestaxes.model.ItemTest"/>
  <testcase name="basicSalesTaxCorrectlyCalculatedWhenSalesTaxNotDue" time="0.002" classname="com.hartley.salestaxes.model.ItemTest"/>
  <testcase name="basicSalesTaxCorrectlyCalculatedWhenSalesTaxNotDue" time="0.001" classname="com.hartley.salestaxes.model.ItemTest"/>
  <testcase name="importTaxCorrectlyCalculatedWhenImportTaxDue" time="0.001" classname="com.hartley.salestaxes.model.ItemTest"/>
  <testcase name="importTaxCorrectlyCalculatedWhenImportTaxDue" time="0.001" classname="com.hartley.salestaxes.model.ItemTest"/>
  <testcase name="importTaxCorrectlyCalculatedWhenImportTaxNotDue" time="0.001" classname="com.hartley.salestaxes.model.ItemTest"/>
  <testcase name="importTaxCorrectlyCalculatedWhenImportTaxNotDue" time="0.002" classname="com.hartley.salestaxes.model.ItemTest"/>
  <testcase name="importTaxCorrectlyCalculatedWhenImportTaxNotDue" time="0.001" classname="com.hartley.salestaxes.model.ItemTest"/>
  <testcase name="priceIncludingTaxCorrectlyCalculated" time="0.001" classname="com.hartley.salestaxes.model.ItemTest"/>
  <testcase name="priceIncludingTaxCorrectlyCalculated" time="0.002" classname="com.hartley.salestaxes.model.ItemTest"/>
  <testcase name="priceIncludingTaxCorrectlyCalculated" time="0.001" classname="com.hartley.salestaxes.model.ItemTest"/>
  <testcase name="priceIncludingTaxCorrectlyCalculated" time="0.001" classname="com.hartley.salestaxes.model.ItemTest"/>
  <testcase name="totalTaxCorrectlyCalculated" time="0.0" classname="com.hartley.salestaxes.model.ItemTest"/>
  <testcase name="totalTaxCorrectlyCalculated" time="0.0" classname="com.hartley.salestaxes.model.ItemTest"/>
  <testcase name="totalTaxCorrectlyCalculated" time="0.001" classname="com.hartley.salestaxes.model.ItemTest"/>
  <testcase name="totalTaxCorrectlyCalculated" time="0.001" classname="com.hartley.salestaxes.model.ItemTest"/>
</testsuite> <!-- Default test -->
