<?xml version="1.0" encoding="UTF-8"?>
<testng-results skipped="0" failed="0" total="18" passed="18">
  <reporter-output>
  </reporter-output>
  <suite name="Default suite" duration-ms="285" started-at="2015-12-04T03:22:29Z" finished-at="2015-12-04T03:22:29Z">
    <groups>
    </groups>
    <test name="Default test" duration-ms="285" started-at="2015-12-04T03:22:29Z" finished-at="2015-12-04T03:22:29Z">
      <class name="com.hartley.salestaxes.model.ItemTest">
        <test-method status="PASS" signature="basicSalesTaxCorrectlyCalculatedWhenSalesTaxDue(com.hartley.salestaxes.model.Item, java.math.BigDecimal, java.math.BigDecimal, java.math.BigDecimal)[pri:0, instance:com.hartley.salestaxes.model.ItemTest@3930015a]" name="basicSalesTaxCorrectlyCalculatedWhenSalesTaxDue" duration-ms="182" started-at="2015-12-04T03:22:29Z" data-provider="itemsWhichAttractSalesTax" finished-at="2015-12-04T03:22:29Z">
          <params>
            <param index="0">
              <value>
                <![CDATA[com.hartley.salestaxes.model.Item@e025a222]]>
              </value>
            </param>
            <param index="1">
              <value>
                <![CDATA[2.00]]>
              </value>
            </param>
            <param index="2">
              <value>
                <![CDATA[2.00]]>
              </value>
            </param>
            <param index="3">
              <value>
                <![CDATA[22.00]]>
              </value>
            </param>
          </params>
          <reporter-output>
          </reporter-output>
        </test-method> <!-- basicSalesTaxCorrectlyCalculatedWhenSalesTaxDue -->
        <test-method status="PASS" signature="basicSalesTaxCorrectlyCalculatedWhenSalesTaxDue(com.hartley.salestaxes.model.Item, java.math.BigDecimal, java.math.BigDecimal, java.math.BigDecimal)[pri:0, instance:com.hartley.salestaxes.model.ItemTest@3930015a]" name="basicSalesTaxCorrectlyCalculatedWhenSalesTaxDue" duration-ms="1" started-at="2015-12-04T03:22:29Z" data-provider="itemsWhichAttractSalesTax" finished-at="2015-12-04T03:22:29Z">
          <params>
            <param index="0">
              <value>
                <![CDATA[com.hartley.salestaxes.model.Item@660146e7]]>
              </value>
            </param>
            <param index="1">
              <value>
                <![CDATA[1.50]]>
              </value>
            </param>
            <param index="2">
              <value>
                <![CDATA[2.25]]>
              </value>
            </param>
            <param index="3">
              <value>
                <![CDATA[17.25]]>
              </value>
            </param>
          </params>
          <reporter-output>
          </reporter-output>
        </test-method> <!-- basicSalesTaxCorrectlyCalculatedWhenSalesTaxDue -->
        <test-method status="PASS" signature="basicSalesTaxCorrectlyCalculatedWhenSalesTaxNotDue(com.hartley.salestaxes.model.Item)[pri:0, instance:com.hartley.salestaxes.model.ItemTest@3930015a]" name="basicSalesTaxCorrectlyCalculatedWhenSalesTaxNotDue" duration-ms="1" started-at="2015-12-04T03:22:29Z" data-provider="itemsWhichDoNotAttractSalesTax" finished-at="2015-12-04T03:22:29Z">
          <params>
            <param index="0">
              <value>
                <![CDATA[com.hartley.salestaxes.model.Item@a4cd7d57]]>
              </value>
            </param>
          </params>
          <reporter-output>
          </reporter-output>
        </test-method> <!-- basicSalesTaxCorrectlyCalculatedWhenSalesTaxNotDue -->
        <test-method status="PASS" signature="basicSalesTaxCorrectlyCalculatedWhenSalesTaxNotDue(com.hartley.salestaxes.model.Item)[pri:0, instance:com.hartley.salestaxes.model.ItemTest@3930015a]" name="basicSalesTaxCorrectlyCalculatedWhenSalesTaxNotDue" duration-ms="2" started-at="2015-12-04T03:22:29Z" data-provider="itemsWhichDoNotAttractSalesTax" finished-at="2015-12-04T03:22:29Z">
          <params>
            <param index="0">
              <value>
                <![CDATA[com.hartley.salestaxes.model.Item@5bdecb1b]]>
              </value>
            </param>
          </params>
          <reporter-output>
          </reporter-output>
        </test-method> <!-- basicSalesTaxCorrectlyCalculatedWhenSalesTaxNotDue -->
        <test-method status="PASS" signature="basicSalesTaxCorrectlyCalculatedWhenSalesTaxNotDue(com.hartley.salestaxes.model.Item)[pri:0, instance:com.hartley.salestaxes.model.ItemTest@3930015a]" name="basicSalesTaxCorrectlyCalculatedWhenSalesTaxNotDue" duration-ms="1" started-at="2015-12-04T03:22:29Z" data-provider="itemsWhichDoNotAttractSalesTax" finished-at="2015-12-04T03:22:29Z">
          <params>
            <param index="0">
              <value>
                <![CDATA[com.hartley.salestaxes.model.Item@6263799c]]>
              </value>
            </param>
          </params>
          <reporter-output>
          </reporter-output>
        </test-method> <!-- basicSalesTaxCorrectlyCalculatedWhenSalesTaxNotDue -->
        <test-method status="PASS" signature="importTaxCorrectlyCalculatedWhenImportTaxDue(com.hartley.salestaxes.model.Item, java.math.BigDecimal, java.math.BigDecimal, java.math.BigDecimal)[pri:0, instance:com.hartley.salestaxes.model.ItemTest@3930015a]" name="importTaxCorrectlyCalculatedWhenImportTaxDue" duration-ms="1" started-at="2015-12-04T03:22:29Z" data-provider="itemsWhichAttractImportTax" finished-at="2015-12-04T03:22:29Z">
          <params>
            <param index="0">
              <value>
                <![CDATA[com.hartley.salestaxes.model.Item@c705cb9d]]>
              </value>
            </param>
            <param index="1">
              <value>
                <![CDATA[1.00]]>
              </value>
            </param>
            <param index="2">
              <value>
                <![CDATA[3.00]]>
              </value>
            </param>
            <param index="3">
              <value>
                <![CDATA[23.00]]>
              </value>
            </param>
          </params>
          <reporter-output>
          </reporter-output>
        </test-method> <!-- importTaxCorrectlyCalculatedWhenImportTaxDue -->
        <test-method status="PASS" signature="importTaxCorrectlyCalculatedWhenImportTaxDue(com.hartley.salestaxes.model.Item, java.math.BigDecimal, java.math.BigDecimal, java.math.BigDecimal)[pri:0, instance:com.hartley.salestaxes.model.ItemTest@3930015a]" name="importTaxCorrectlyCalculatedWhenImportTaxDue" duration-ms="1" started-at="2015-12-04T03:22:29Z" data-provider="itemsWhichAttractImportTax" finished-at="2015-12-04T03:22:29Z">
          <params>
            <param index="0">
              <value>
                <![CDATA[com.hartley.salestaxes.model.Item@660146e7]]>
              </value>
            </param>
            <param index="1">
              <value>
                <![CDATA[0.75]]>
              </value>
            </param>
            <param index="2">
              <value>
                <![CDATA[2.25]]>
              </value>
            </param>
            <param index="3">
              <value>
                <![CDATA[17.25]]>
              </value>
            </param>
          </params>
          <reporter-output>
          </reporter-output>
        </test-method> <!-- importTaxCorrectlyCalculatedWhenImportTaxDue -->
        <test-method status="PASS" signature="importTaxCorrectlyCalculatedWhenImportTaxNotDue(com.hartley.salestaxes.model.Item)[pri:0, instance:com.hartley.salestaxes.model.ItemTest@3930015a]" name="importTaxCorrectlyCalculatedWhenImportTaxNotDue" duration-ms="1" started-at="2015-12-04T03:22:29Z" data-provider="itemsWhichDoNotAttractImportTax" finished-at="2015-12-04T03:22:29Z">
          <params>
            <param index="0">
              <value>
                <![CDATA[com.hartley.salestaxes.model.Item@a4cd7d57]]>
              </value>
            </param>
          </params>
          <reporter-output>
          </reporter-output>
        </test-method> <!-- importTaxCorrectlyCalculatedWhenImportTaxNotDue -->
        <test-method status="PASS" signature="importTaxCorrectlyCalculatedWhenImportTaxNotDue(com.hartley.salestaxes.model.Item)[pri:0, instance:com.hartley.salestaxes.model.ItemTest@3930015a]" name="importTaxCorrectlyCalculatedWhenImportTaxNotDue" duration-ms="2" started-at="2015-12-04T03:22:29Z" data-provider="itemsWhichDoNotAttractImportTax" finished-at="2015-12-04T03:22:29Z">
          <params>
            <param index="0">
              <value>
                <![CDATA[com.hartley.salestaxes.model.Item@5bdecb1b]]>
              </value>
            </param>
          </params>
          <reporter-output>
          </reporter-output>
        </test-method> <!-- importTaxCorrectlyCalculatedWhenImportTaxNotDue -->
        <test-method status="PASS" signature="importTaxCorrectlyCalculatedWhenImportTaxNotDue(com.hartley.salestaxes.model.Item)[pri:0, instance:com.hartley.salestaxes.model.ItemTest@3930015a]" name="importTaxCorrectlyCalculatedWhenImportTaxNotDue" duration-ms="1" started-at="2015-12-04T03:22:29Z" data-provider="itemsWhichDoNotAttractImportTax" finished-at="2015-12-04T03:22:29Z">
          <params>
            <param index="0">
              <value>
                <![CDATA[com.hartley.salestaxes.model.Item@7b835021]]>
              </value>
            </param>
          </params>
          <reporter-output>
          </reporter-output>
        </test-method> <!-- importTaxCorrectlyCalculatedWhenImportTaxNotDue -->
        <test-method status="PASS" signature="priceIncludingTaxCorrectlyCalculated(com.hartley.salestaxes.model.Item, java.math.BigDecimal, java.math.BigDecimal, java.math.BigDecimal)[pri:0, instance:com.hartley.salestaxes.model.ItemTest@3930015a]" name="priceIncludingTaxCorrectlyCalculated" duration-ms="1" started-at="2015-12-04T03:22:29Z" data-provider="itemsWhichAttractAnyTypeOfTax" finished-at="2015-12-04T03:22:29Z">
          <params>
            <param index="0">
              <value>
                <![CDATA[com.hartley.salestaxes.model.Item@e025a222]]>
              </value>
            </param>
            <param index="1">
              <value>
                <![CDATA[2.00]]>
              </value>
            </param>
            <param index="2">
              <value>
                <![CDATA[2.00]]>
              </value>
            </param>
            <param index="3">
              <value>
                <![CDATA[22.00]]>
              </value>
            </param>
          </params>
          <reporter-output>
          </reporter-output>
        </test-method> <!-- priceIncludingTaxCorrectlyCalculated -->
        <test-method status="PASS" signature="priceIncludingTaxCorrectlyCalculated(com.hartley.salestaxes.model.Item, java.math.BigDecimal, java.math.BigDecimal, java.math.BigDecimal)[pri:0, instance:com.hartley.salestaxes.model.ItemTest@3930015a]" name="priceIncludingTaxCorrectlyCalculated" duration-ms="2" started-at="2015-12-04T03:22:29Z" data-provider="itemsWhichAttractAnyTypeOfTax" finished-at="2015-12-04T03:22:29Z">
          <params>
            <param index="0">
              <value>
                <![CDATA[com.hartley.salestaxes.model.Item@660146e7]]>
              </value>
            </param>
            <param index="1">
              <value>
                <![CDATA[1.50]]>
              </value>
            </param>
            <param index="2">
              <value>
                <![CDATA[2.25]]>
              </value>
            </param>
            <param index="3">
              <value>
                <![CDATA[17.25]]>
              </value>
            </param>
          </params>
          <reporter-output>
          </reporter-output>
        </test-method> <!-- priceIncludingTaxCorrectlyCalculated -->
        <test-method status="PASS" signature="priceIncludingTaxCorrectlyCalculated(com.hartley.salestaxes.model.Item, java.math.BigDecimal, java.math.BigDecimal, java.math.BigDecimal)[pri:0, instance:com.hartley.salestaxes.model.ItemTest@3930015a]" name="priceIncludingTaxCorrectlyCalculated" duration-ms="1" started-at="2015-12-04T03:22:29Z" data-provider="itemsWhichAttractAnyTypeOfTax" finished-at="2015-12-04T03:22:29Z">
          <params>
            <param index="0">
              <value>
                <![CDATA[com.hartley.salestaxes.model.Item@c705cb9d]]>
              </value>
            </param>
            <param index="1">
              <value>
                <![CDATA[1.00]]>
              </value>
            </param>
            <param index="2">
              <value>
                <![CDATA[3.00]]>
              </value>
            </param>
            <param index="3">
              <value>
                <![CDATA[23.00]]>
              </value>
            </param>
          </params>
          <reporter-output>
          </reporter-output>
        </test-method> <!-- priceIncludingTaxCorrectlyCalculated -->
        <test-method status="PASS" signature="priceIncludingTaxCorrectlyCalculated(com.hartley.salestaxes.model.Item, java.math.BigDecimal, java.math.BigDecimal, java.math.BigDecimal)[pri:0, instance:com.hartley.salestaxes.model.ItemTest@3930015a]" name="priceIncludingTaxCorrectlyCalculated" duration-ms="1" started-at="2015-12-04T03:22:29Z" data-provider="itemsWhichAttractAnyTypeOfTax" finished-at="2015-12-04T03:22:29Z">
          <params>
            <param index="0">
              <value>
                <![CDATA[com.hartley.salestaxes.model.Item@660146e7]]>
              </value>
            </param>
            <param index="1">
              <value>
                <![CDATA[0.75]]>
              </value>
            </param>
            <param index="2">
              <value>
                <![CDATA[2.25]]>
              </value>
            </param>
            <param index="3">
              <value>
                <![CDATA[17.25]]>
              </value>
            </param>
          </params>
          <reporter-output>
          </reporter-output>
        </test-method> <!-- priceIncludingTaxCorrectlyCalculated -->
        <test-method status="PASS" signature="totalTaxCorrectlyCalculated(com.hartley.salestaxes.model.Item, java.math.BigDecimal, java.math.BigDecimal, java.math.BigDecimal)[pri:0, instance:com.hartley.salestaxes.model.ItemTest@3930015a]" name="totalTaxCorrectlyCalculated" duration-ms="0" started-at="2015-12-04T03:22:29Z" data-provider="itemsWhichAttractAnyTypeOfTax" finished-at="2015-12-04T03:22:29Z">
          <params>
            <param index="0">
              <value>
                <![CDATA[com.hartley.salestaxes.model.Item@e025a222]]>
              </value>
            </param>
            <param index="1">
              <value>
                <![CDATA[2.00]]>
              </value>
            </param>
            <param index="2">
              <value>
                <![CDATA[2.00]]>
              </value>
            </param>
            <param index="3">
              <value>
                <![CDATA[22.00]]>
              </value>
            </param>
          </params>
          <reporter-output>
          </reporter-output>
        </test-method> <!-- totalTaxCorrectlyCalculated -->
        <test-method status="PASS" signature="totalTaxCorrectlyCalculated(com.hartley.salestaxes.model.Item, java.math.BigDecimal, java.math.BigDecimal, java.math.BigDecimal)[pri:0, instance:com.hartley.salestaxes.model.ItemTest@3930015a]" name="totalTaxCorrectlyCalculated" duration-ms="0" started-at="2015-12-04T03:22:29Z" data-provider="itemsWhichAttractAnyTypeOfTax" finished-at="2015-12-04T03:22:29Z">
          <params>
            <param index="0">
              <value>
                <![CDATA[com.hartley.salestaxes.model.Item@660146e7]]>
              </value>
            </param>
            <param index="1">
              <value>
                <![CDATA[1.50]]>
              </value>
            </param>
            <param index="2">
              <value>
                <![CDATA[2.25]]>
              </value>
            </param>
            <param index="3">
              <value>
                <![CDATA[17.25]]>
              </value>
            </param>
          </params>
          <reporter-output>
          </reporter-output>
        </test-method> <!-- totalTaxCorrectlyCalculated -->
        <test-method status="PASS" signature="totalTaxCorrectlyCalculated(com.hartley.salestaxes.model.Item, java.math.BigDecimal, java.math.BigDecimal, java.math.BigDecimal)[pri:0, instance:com.hartley.salestaxes.model.ItemTest@3930015a]" name="totalTaxCorrectlyCalculated" duration-ms="1" started-at="2015-12-04T03:22:29Z" data-provider="itemsWhichAttractAnyTypeOfTax" finished-at="2015-12-04T03:22:29Z">
          <params>
            <param index="0">
              <value>
                <![CDATA[com.hartley.salestaxes.model.Item@c705cb9d]]>
              </value>
            </param>
            <param index="1">
              <value>
                <![CDATA[1.00]]>
              </value>
            </param>
            <param index="2">
              <value>
                <![CDATA[3.00]]>
              </value>
            </param>
            <param index="3">
              <value>
                <![CDATA[23.00]]>
              </value>
            </param>
          </params>
          <reporter-output>
          </reporter-output>
        </test-method> <!-- totalTaxCorrectlyCalculated -->
        <test-method status="PASS" signature="totalTaxCorrectlyCalculated(com.hartley.salestaxes.model.Item, java.math.BigDecimal, java.math.BigDecimal, java.math.BigDecimal)[pri:0, instance:com.hartley.salestaxes.model.ItemTest@3930015a]" name="totalTaxCorrectlyCalculated" duration-ms="1" started-at="2015-12-04T03:22:29Z" data-provider="itemsWhichAttractAnyTypeOfTax" finished-at="2015-12-04T03:22:29Z">
          <params>
            <param index="0">
              <value>
                <![CDATA[com.hartley.salestaxes.model.Item@660146e7]]>
              </value>
            </param>
            <param index="1">
              <value>
                <![CDATA[0.75]]>
              </value>
            </param>
            <param index="2">
              <value>
                <![CDATA[2.25]]>
              </value>
            </param>
            <param index="3">
              <value>
                <![CDATA[17.25]]>
              </value>
            </param>
          </params>
          <reporter-output>
          </reporter-output>
        </test-method> <!-- totalTaxCorrectlyCalculated -->
      </class> <!-- com.hartley.salestaxes.model.ItemTest -->
    </test> <!-- Default test -->
  </suite> <!-- Default suite -->
</testng-results>
