<?xml version="1.0" encoding="UTF-8"?>
<!-- Generated by org.testng.reporters.JUnitReportReporter -->
<testsuite hostname="pavilion" name="com.hartley.salestaxes.utils.RoundingUtilsTest" tests="12" failures="0" timestamp="4 Dec 2015 02:32:36 GMT" time="0.160" errors="0">
  <testcase name="amountsAreCorrectlyRounded" time="0.001" classname="com.hartley.salestaxes.utils.RoundingUtilsTest"/>
  <testcase name="amountsAreCorrectlyRounded" time="0.000" classname="com.hartley.salestaxes.utils.RoundingUtilsTest"/>
  <testcase name="amountsAreCorrectlyRounded" time="0.001" classname="com.hartley.salestaxes.utils.RoundingUtilsTest"/>
  <testcase name="amountsAreCorrectlyRounded" time="0.001" classname="com.hartley.salestaxes.utils.RoundingUtilsTest"/>
  <testcase name="amountsAreCorrectlyRounded" time="0.001" classname="com.hartley.salestaxes.utils.RoundingUtilsTest"/>
  <testcase name="amountsAreCorrectlyRounded" time="0.000" classname="com.hartley.salestaxes.utils.RoundingUtilsTest"/>
  <testcase name="amountsAreCorrectlyRounded" time="0.002" classname="com.hartley.salestaxes.utils.RoundingUtilsTest"/>
  <testcase name="amountsAreCorrectlyRounded" time="0.150" classname="com.hartley.salestaxes.utils.RoundingUtilsTest"/>
  <testcase name="amountsAreCorrectlyRounded" time="0.001" classname="com.hartley.salestaxes.utils.RoundingUtilsTest"/>
  <testcase name="amountsAreCorrectlyRounded" time="0.001" classname="com.hartley.salestaxes.utils.RoundingUtilsTest"/>
  <testcase name="amountsAreCorrectlyRounded" time="0.001" classname="com.hartley.salestaxes.utils.RoundingUtilsTest"/>
  <testcase name="amountsAreCorrectlyRounded" time="0.001" classname="com.hartley.salestaxes.utils.RoundingUtilsTest"/>
</testsuite> <!-- com.hartley.salestaxes.utils.RoundingUtilsTest -->
